This file contains any messages produced by compilers while
running configure, to aid debugging if configure makes a mistake.

It was created by FULL-PACKAGE-NAME configure VERSION, which was
generated by GNU Autoconf 2.69.  Invocation command line was

  $ ./configure 

## --------- ##
## Platform. ##
## --------- ##

hostname = antonio-HP-255-G1-Notebook-PC
uname -m = x86_64
uname -r = 4.4.0-18-generic
uname -s = Linux
uname -v = #34-Ubuntu SMP Wed Apr 6 14:01:02 UTC 2016

/usr/bin/uname -p = unknown
/bin/uname -X     = unknown

/bin/arch              = unknown
/usr/bin/arch -k       = unknown
/usr/convex/getsysinfo = unknown
/usr/bin/hostinfo      = unknown
/bin/machine           = unknown
/usr/bin/oslevel       = unknown
/bin/universe          = unknown

PATH: /usr/local/sbin
PATH: /usr/local/bin
PATH: /usr/sbin
PATH: /usr/bin
PATH: /sbin
PATH: /bin
PATH: /usr/games
PATH: /usr/local/games


## ----------- ##
## Core tests. ##
## ----------- ##

configure:2157: checking for gcc
configure:2173: found /usr/bin/gcc
configure:2184: result: gcc
configure:2413: checking for C compiler version
configure:2422: gcc --version >&5
gcc (Ubuntu 5.3.1-14ubuntu2) 5.3.1 20160413
Copyright (C) 2015 Free Software Foundation, Inc.
This is free software; see the source for copying conditions.  There is NO
warranty; not even for MERCHANTABILITY or FITNESS FOR A PARTICULAR PURPOSE.

configure:2433: $? = 0
configure:2422: gcc -v >&5
Using built-in specs.
COLLECT_GCC=gcc
COLLECT_LTO_WRAPPER=/usr/lib/gcc/x86_64-linux-gnu/5/lto-wrapper
Target: x86_64-linux-gnu
Configured with: ../src/configure -v --with-pkgversion='Ubuntu 5.3.1-14ubuntu2' --with-bugurl=file:///usr/share/doc/gcc-5/README.Bugs --enable-languages=c,ada,c++,java,go,d,fortran,objc,obj-c++ --prefix=/usr --program-suffix=-5 --enable-shared --enable-linker-build-id --libexecdir=/usr/lib --without-included-gettext --enable-threads=posix --libdir=/usr/lib --enable-nls --with-sysroot=/ --enable-clocale=gnu --enable-libstdcxx-debug --enable-libstdcxx-time=yes --with-default-libstdcxx-abi=new --enable-gnu-unique-object --disable-vtable-verify --enable-libmpx --enable-plugin --with-system-zlib --disable-browser-plugin --enable-java-awt=gtk --enable-gtk-cairo --with-java-home=/usr/lib/jvm/java-1.5.0-gcj-5-amd64/jre --enable-java-home --with-jvm-root-dir=/usr/lib/jvm/java-1.5.0-gcj-5-amd64 --with-jvm-jar-dir=/usr/lib/jvm-exports/java-1.5.0-gcj-5-amd64 --with-arch-directory=amd64 --with-ecj-jar=/usr/share/java/eclipse-ecj.jar --enable-objc-gc --enable-multiarch --disable-werror --with-arch-32=i686 --with-abi=m64 --with-multilib-list=m32,m64,mx32 --enable-multilib --with-tune=generic --enable-checking=release --build=x86_64-linux-gnu --host=x86_64-linux-gnu --target=x86_64-linux-gnu
Thread model: posix
gcc version 5.3.1 20160413 (Ubuntu 5.3.1-14ubuntu2) 
configure:2433: $? = 0
configure:2422: gcc -V >&5
gcc: error: unrecognized command line option '-V'
gcc: fatal error: no input files
compilation terminated.
configure:2433: $? = 1
configure:2422: gcc -qversion >&5
gcc: error: unrecognized command line option '-qversion'
gcc: fatal error: no input files
compilation terminated.
configure:2433: $? = 1
configure:2453: checking whether the C compiler works
configure:2475: gcc    conftest.c  >&5
configure:2479: $? = 0
configure:2527: result: yes
configure:2530: checking for C compiler default output file name
configure:2532: result: a.out
configure:2538: checking for suffix of executables
configure:2545: gcc -o conftest    conftest.c  >&5
configure:2549: $? = 0
configure:2571: result: 
configure:2593: checking whether we are cross compiling
configure:2601: gcc -o conftest    conftest.c  >&5
configure:2605: $? = 0
configure:2612: ./conftest
configure:2616: $? = 0
configure:2631: result: no
configure:2636: checking for suffix of object files
configure:2658: gcc -c   conftest.c >&5
configure:2662: $? = 0
configure:2683: result: o
configure:2687: checking whether we are using the GNU C compiler
configure:2706: gcc -c   conftest.c >&5
configure:2706: $? = 0
configure:2715: result: yes
configure:2724: checking whether gcc accepts -g
configure:2744: gcc -c -g  conftest.c >&5
configure:2744: $? = 0
configure:2785: result: yes
configure:2802: checking for gcc option to accept ISO C89
configure:2865: gcc  -c -g -O2  conftest.c >&5
configure:2865: $? = 0
configure:2878: result: none needed
configure:2935: checking whether gcc understands -c and -o together
configure:2957: gcc -c conftest.c -o conftest2.o
configure:2960: $? = 0
configure:2957: gcc -c conftest.c -o conftest2.o
configure:2960: $? = 0
configure:2972: result: yes
configure:2993: checking for gawk
configure:3009: found /usr/bin/gawk
configure:3020: result: gawk
configure:3045: checking for a BSD-compatible install
configure:3113: result: /usr/bin/install -c
configure:3129: checking how to run the C preprocessor
configure:3160: gcc -E  conftest.c
configure:3160: $? = 0
configure:3174: gcc -E  conftest.c
conftest.c:9:28: fatal error: ac_nonexistent.h: No such file or directory
compilation terminated.
configure:3174: $? = 1
configure: failed program was:
| /* confdefs.h */
| #define PACKAGE_NAME "FULL-PACKAGE-NAME"
| #define PACKAGE_TARNAME "full-package-name"
| #define PACKAGE_VERSION "VERSION"
| #define PACKAGE_STRING "FULL-PACKAGE-NAME VERSION"
| #define PACKAGE_BUGREPORT "BUG-REPORT-ADDRESS"
| #define PACKAGE_URL ""
| /* end confdefs.h.  */
| #include <ac_nonexistent.h>
configure:3199: result: gcc -E
configure:3219: gcc -E  conftest.c
configure:3219: $? = 0
configure:3233: gcc -E  conftest.c
conftest.c:9:28: fatal error: ac_nonexistent.h: No such file or directory
compilation terminated.
configure:3233: $? = 1
configure: failed program was:
| /* confdefs.h */
| #define PACKAGE_NAME "FULL-PACKAGE-NAME"
| #define PACKAGE_TARNAME "full-package-name"
| #define PACKAGE_VERSION "VERSION"
| #define PACKAGE_STRING "FULL-PACKAGE-NAME VERSION"
| #define PACKAGE_BUGREPORT "BUG-REPORT-ADDRESS"
| #define PACKAGE_URL ""
| /* end confdefs.h.  */
| #include <ac_nonexistent.h>
configure:3261: checking for a thread-safe mkdir -p
configure:3300: result: /bin/mkdir -p
configure:3307: checking for main in -lcurl
configure:3326: gcc -o conftest -g -O2   conftest.c -lcurl   >&5
configure:3326: $? = 0
configure:3335: result: yes
configure:3347: checking for main in -lsqlite3
configure:3366: gcc -o conftest -g -O2   conftest.c -lsqlite3  -lcurl  >&5
configure:3366: $? = 0
configure:3375: result: yes
configure:3389: checking for grep that handles long lines and -e
configure:3447: result: /bin/grep
configure:3452: checking for egrep
configure:3514: result: /bin/grep -E
configure:3519: checking for ANSI C header files
configure:3539: gcc -c -g -O2  conftest.c >&5
configure:3539: $? = 0
configure:3612: gcc -o conftest -g -O2   conftest.c -lsqlite3 -lcurl  >&5
configure:3612: $? = 0
configure:3612: ./conftest
configure:3612: $? = 0
configure:3623: result: yes
configure:3636: checking for sys/types.h
configure:3636: gcc -c -g -O2  conftest.c >&5
configure:3636: $? = 0
configure:3636: result: yes
configure:3636: checking for sys/stat.h
configure:3636: gcc -c -g -O2  conftest.c >&5
configure:3636: $? = 0
configure:3636: result: yes
configure:3636: checking for stdlib.h
configure:3636: gcc -c -g -O2  conftest.c >&5
configure:3636: $? = 0
configure:3636: result: yes
configure:3636: checking for string.h
configure:3636: gcc -c -g -O2  conftest.c >&5
configure:3636: $? = 0
configure:3636: result: yes
configure:3636: checking for memory.h
configure:3636: gcc -c -g -O2  conftest.c >&5
configure:3636: $? = 0
configure:3636: result: yes
configure:3636: checking for strings.h
configure:3636: gcc -c -g -O2  conftest.c >&5
configure:3636: $? = 0
configure:3636: result: yes
configure:3636: checking for inttypes.h
configure:3636: gcc -c -g -O2  conftest.c >&5
configure:3636: $? = 0
configure:3636: result: yes
configure:3636: checking for stdint.h
configure:3636: gcc -c -g -O2  conftest.c >&5
configure:3636: $? = 0
configure:3636: result: yes
configure:3636: checking for unistd.h
configure:3636: gcc -c -g -O2  conftest.c >&5
configure:3636: $? = 0
configure:3636: result: yes
configure:3651: checking for stdlib.h
configure:3651: result: yes
configure:3651: checking for string.h
configure:3651: result: yes
configure:3667: checking for mkdir
configure:3667: gcc -o conftest -g -O2   conftest.c -lsqlite3 -lcurl  >&5
configure:3667: $? = 0
configure:3667: result: yes
configure:3793: creating ./config.status

## ---------------------- ##
## Running config.status. ##
## ---------------------- ##

This file was extended by FULL-PACKAGE-NAME config.status VERSION, which was
generated by GNU Autoconf 2.69.  Invocation command line was

  CONFIG_FILES    = 
  CONFIG_HEADERS  = 
  CONFIG_LINKS    = 
  CONFIG_COMMANDS = 
  $ ./config.status 

on antonio-HP-255-G1-Notebook-PC

config.status:811: creating Makefile
config.status:811: creating config.h

## ---------------- ##
## Cache variables. ##
## ---------------- ##

ac_cv_c_compiler_gnu=yes
ac_cv_env_CC_set=
ac_cv_env_CC_value=
ac_cv_env_CFLAGS_set=
ac_cv_env_CFLAGS_value=
ac_cv_env_CPPFLAGS_set=
ac_cv_env_CPPFLAGS_value=
ac_cv_env_CPP_set=
ac_cv_env_CPP_value=
ac_cv_env_LDFLAGS_set=
ac_cv_env_LDFLAGS_value=
ac_cv_env_LIBS_set=
ac_cv_env_LIBS_value=
ac_cv_env_build_alias_set=
ac_cv_env_build_alias_value=
ac_cv_env_host_alias_set=
ac_cv_env_host_alias_value=
ac_cv_env_target_alias_set=
ac_cv_env_target_alias_value=
ac_cv_func_mkdir=yes
ac_cv_header_inttypes_h=yes
ac_cv_header_memory_h=yes
ac_cv_header_stdc=yes
ac_cv_header_stdint_h=yes
ac_cv_header_stdlib_h=yes
ac_cv_header_string_h=yes
ac_cv_header_strings_h=yes
ac_cv_header_sys_stat_h=yes
ac_cv_header_sys_types_h=yes
ac_cv_header_unistd_h=yes
ac_cv_lib_curl_main=yes
ac_cv_lib_sqlite3_main=yes
ac_cv_objext=o
ac_cv_path_EGREP='/bin/grep -E'
ac_cv_path_GREP=/bin/grep
ac_cv_path_install='/usr/bin/install -c'
ac_cv_path_mkdir=/bin/mkdir
ac_cv_prog_AWK=gawk
ac_cv_prog_CPP='gcc -E'
ac_cv_prog_ac_ct_CC=gcc
ac_cv_prog_cc_c89=
ac_cv_prog_cc_g=yes
am_cv_prog_cc_c_o=yes

## ----------------- ##
## Output variables. ##
## ----------------- ##

AWK='gawk'
CC='gcc'
CFLAGS='-g -O2'
CPP='gcc -E'
CPPFLAGS=''
DEFS='-DHAVE_CONFIG_H'
ECHO_C=''
ECHO_N='-n'
ECHO_T=''
EGREP='/bin/grep -E'
EXEEXT=''
GREP='/bin/grep'
INSTALL_DATA='${INSTALL} -m 644'
INSTALL_PROGRAM='${INSTALL}'
INSTALL_SCRIPT='${INSTALL}'
LDFLAGS=''
LIBOBJS=''
LIBS='-lsqlite3 -lcurl '
LTLIBOBJS=''
MKDIR_P='/bin/mkdir -p'
OBJEXT='o'
PACKAGE_BUGREPORT='BUG-REPORT-ADDRESS'
PACKAGE_NAME='FULL-PACKAGE-NAME'
PACKAGE_STRING='FULL-PACKAGE-NAME VERSION'
PACKAGE_TARNAME='full-package-name'
PACKAGE_URL=''
PACKAGE_VERSION='VERSION'
PATH_SEPARATOR=':'
SHELL='/bin/bash'
ac_ct_CC='gcc'
bindir='${exec_prefix}/bin'
build_alias=''
datadir='${datarootdir}'
datarootdir='${prefix}/share'
docdir='${datarootdir}/doc/${PACKAGE_TARNAME}'
dvidir='${docdir}'
exec_prefix='${prefix}'
host_alias=''
htmldir='${docdir}'
includedir='${prefix}/include'
infodir='${datarootdir}/info'
libdir='${exec_prefix}/lib'
libexecdir='${exec_prefix}/libexec'
localedir='${datarootdir}/locale'
localstatedir='${prefix}/var'
mandir='${datarootdir}/man'
oldincludedir='/usr/include'
pdfdir='${docdir}'
prefix='/usr/local'
program_transform_name='s,x,x,'
psdir='${docdir}'
runstatedir='${localstatedir}/run'
sbindir='${exec_prefix}/sbin'
sharedstatedir='${prefix}/com'
sysconfdir='${prefix}/etc'
target_alias=''

## ----------- ##
## confdefs.h. ##
## ----------- ##

/* confdefs.h */
#define PACKAGE_NAME "FULL-PACKAGE-NAME"
#define PACKAGE_TARNAME "full-package-name"
#define PACKAGE_VERSION "VERSION"
#define PACKAGE_STRING "FULL-PACKAGE-NAME VERSION"
#define PACKAGE_BUGREPORT "BUG-REPORT-ADDRESS"
#define PACKAGE_URL ""
#define HAVE_LIBCURL 1
#define HAVE_LIBSQLITE3 1
#define STDC_HEADERS 1
#define HAVE_SYS_TYPES_H 1
#define HAVE_SYS_STAT_H 1
#define HAVE_STDLIB_H 1
#define HAVE_STRING_H 1
#define HAVE_MEMORY_H 1
#define HAVE_STRINGS_H 1
#define HAVE_INTTYPES_H 1
#define HAVE_STDINT_H 1
#define HAVE_UNISTD_H 1
#define HAVE_STDLIB_H 1
#define HAVE_STRING_H 1
#define HAVE_MKDIR 1

configure: exit 0
